---------------------------------------
Begin Slurm Prolog: Oct-04-2024 18:09:45
Job ID:    1550734
User ID:   azhou60
Account:   gts-bzhao94
Job name:  neuralcbcptest
Partition: cpu-small
QOS:       inferno
---------------------------------------

CondaError: Run 'conda init' before 'conda deactivate'

Traceback (most recent call last):
  File "/storage/home/hcoda1/6/azhou60/NeuralLCB_C/realworld_main.py", line 10, in <module>
    import core.contextual_bandit  # Import the entire module
  File "/storage/home/hcoda1/6/azhou60/NeuralLCB_C/core/contextual_bandit.py", line 4, in <module>
    from tqdm import tqdm
ModuleNotFoundError: No module named 'tqdm'
---------------------------------------
Begin Slurm Epilog: Oct-04-2024 18:09:52
Job ID:        1550734
Array Job ID:  _4294967294
User ID:       azhou60
Account:       gts-bzhao94
Job name:      neuralcbcptest
Resources:     cpu=1,mem=2G,node=1
Rsrc Used:     cput=00:00:07,vmem=0,walltime=00:00:07,mem=160K,energy_used=0
Partition:     cpu-small
QOS:           inferno
Nodes:         atl1-1-02-008-12-2
---------------------------------------
